0 info it worked if it ends with ok
1 verbose cli [ '/Volumes/User/oliver/.nvm/versions/node/v7.5.0/bin/node',
1 verbose cli   '/Volumes/User/oliver/.nvm/versions/node/v7.5.0/bin/npm',
1 verbose cli   'run',
1 verbose cli   'eject' ]
2 info using npm@4.1.2
3 info using node@v7.5.0
4 verbose run-script [ 'preeject', 'eject', 'posteject' ]
5 info lifecycle dynamic-form@0.1.0~preeject: dynamic-form@0.1.0
6 silly lifecycle dynamic-form@0.1.0~preeject: no script for preeject, continuing
7 info lifecycle dynamic-form@0.1.0~eject: dynamic-form@0.1.0
8 verbose lifecycle dynamic-form@0.1.0~eject: unsafe-perm in lifecycle true
9 verbose lifecycle dynamic-form@0.1.0~eject: PATH: /Volumes/User/oliver/.nvm/versions/node/v7.5.0/lib/node_modules/npm/bin/node-gyp-bin:/Volumes/User/oliver/Github/dynamic-form/node_modules/.bin:/opt/local/bin:/opt/local/sbin:/Volumes/User/oliver/.nvm/versions/node/v7.5.0/bin:/Library/Frameworks/Python.framework/Versions/3.4/bin:/Volumes/User/oliver/.composer/vendor/bin:/Applications/XAMPP/xamppfiles/bin:/usr/bin:/bin:/usr/sbin:/sbin:/usr/local/bin:/usr/local/sbin:/opt/X11/bin:/opt/local/bin:/opt/local/sbin:/Library/Frameworks/Python.framework/Versions/3.4/bin:/Volumes/User/oliver/.composer/vendor/bin:/Applications/XAMPP/xamppfiles/bin
10 verbose lifecycle dynamic-form@0.1.0~eject: CWD: /Volumes/User/oliver/Github/dynamic-form
11 silly lifecycle dynamic-form@0.1.0~eject: Args: [ '-c', 'react-scripts eject' ]
12 silly lifecycle dynamic-form@0.1.0~eject: Returned: code: 1  signal: null
13 info lifecycle dynamic-form@0.1.0~eject: Failed to exec eject script
14 verbose stack Error: dynamic-form@0.1.0 eject: `react-scripts eject`
14 verbose stack Exit status 1
14 verbose stack     at EventEmitter.<anonymous> (/Volumes/User/oliver/.nvm/versions/node/v7.5.0/lib/node_modules/npm/lib/utils/lifecycle.js:279:16)
14 verbose stack     at emitTwo (events.js:106:13)
14 verbose stack     at EventEmitter.emit (events.js:192:7)
14 verbose stack     at ChildProcess.<anonymous> (/Volumes/User/oliver/.nvm/versions/node/v7.5.0/lib/node_modules/npm/lib/utils/spawn.js:40:14)
14 verbose stack     at emitTwo (events.js:106:13)
14 verbose stack     at ChildProcess.emit (events.js:192:7)
14 verbose stack     at maybeClose (internal/child_process.js:890:16)
14 verbose stack     at Process.ChildProcess._handle.onexit (internal/child_process.js:226:5)
15 verbose pkgid dynamic-form@0.1.0
16 verbose cwd /Volumes/User/oliver/Github/dynamic-form
17 error Darwin 15.6.0
18 error argv "/Volumes/User/oliver/.nvm/versions/node/v7.5.0/bin/node" "/Volumes/User/oliver/.nvm/versions/node/v7.5.0/bin/npm" "run" "eject"
19 error node v7.5.0
20 error npm  v4.1.2
21 error code ELIFECYCLE
22 error dynamic-form@0.1.0 eject: `react-scripts eject`
22 error Exit status 1
23 error Failed at the dynamic-form@0.1.0 eject script 'react-scripts eject'.
23 error Make sure you have the latest version of node.js and npm installed.
23 error If you do, this is most likely a problem with the dynamic-form package,
23 error not with npm itself.
23 error Tell the author that this fails on your system:
23 error     react-scripts eject
23 error You can get information on how to open an issue for this project with:
23 error     npm bugs dynamic-form
23 error Or if that isn't available, you can get their info via:
23 error     npm owner ls dynamic-form
23 error There is likely additional logging output above.
24 verbose exit [ 1, true ]
